<?xml version="1.0" encoding="UTF-8"?>
<!-- Generated by org.testng.reporters.JUnitXMLReporter -->
<testsuite ignored="0" hostname="LAPTOP-34OBG346" failures="2" tests="5" name="Test" time="78.202" errors="0" timestamp="2024-06-17T21:56:15 IST">
  <testcase classname="scenario1.HrmTest" name="login" time="18.743"/>
  <testcase classname="scenario1.HrmTest" name="login" time="13.147">
    <failure type="java.lang.AssertionError" message="Login Fail expected [true] but found [false]">
      <![CDATA[java.lang.AssertionError: Login Fail expected [true] but found [false]
at scenario1.HrmTest.login(HrmTest.java:38)
at java.base/java.util.ArrayList.forEach(ArrayList.java:1511)
... Removed 30 stack frames]]>
    </failure>
  </testcase> <!-- login -->
  <testcase classname="scenario1.HrmTest" name="login" time="15.085"/>
  <testcase classname="scenario1.HrmTest" name="login" time="14.743">
    <failure type="java.lang.AssertionError" message="Login Fail expected [true] but found [false]">
      <![CDATA[java.lang.AssertionError: Login Fail expected [true] but found [false]
at scenario1.HrmTest.login(HrmTest.java:38)
at java.base/java.util.ArrayList.forEach(ArrayList.java:1511)
... Removed 30 stack frames]]>
    </failure>
  </testcase> <!-- login -->
  <testcase classname="scenario1.HrmTest" name="login" time="15.839"/>
</testsuite> <!-- Test -->
